<?xml version="1.0" encoding="UTF-8"?>
<!-- Generated by org.testng.reporters.JUnitXMLReporter -->
<testsuite ignored="0" hostname="Rahul" failures="0" tests="3" name="Default test" time="0.066" errors="0" timestamp="2023-05-11T22:29:34 IST">
  <testcase classname="com.ice_hrm_automation.login.LoginTest" name="sample1Test1" time="0.008"/>
  <testcase classname="com.ice_hrm_automation.login.LoginTest" name="sample1Test2" time="0.001"/>
  <testcase classname="com.ice_hrm_automation.login.LoginTest" name="sample1Test3" time="0.003"/>
</testsuite> <!-- Default test -->
