<?xml version="1.0" encoding="UTF-8"?>
<!-- Generated by org.testng.reporters.JUnitXMLReporter -->
<testsuite ignored="0" hostname="Rahul" failures="0" tests="6" name="Regression" time="13.192" errors="0" timestamp="2023-03-16T18:03:38 IST">
  <testcase classname="com.ice_hrm_automation.login.Sample4" name="test4" time="0.009"/>
  <testcase classname="com.ice_hrm_automation.login.Sample5" name="test5" time="0.007"/>
  <testcase classname="com.ice_hrm_automation.login.Sample2" name="test2" time="0.002"/>
  <testcase classname="com.ice_hrm_automation.login.sample3" name="test3" time="0.002"/>
  <testcase classname="com.ice_hrm_automation.login.Sample1" name="beforeMethod" time="3.703"/>
  <testcase classname="com.ice_hrm_automation.login.Sample1" name="test1" time="0.156"/>
</testsuite> <!-- Regression -->
