<?xml version="1.0" encoding="UTF-8"?>
<!-- Generated by org.testng.reporters.JUnitXMLReporter -->
<testsuite ignored="12" hostname="Rahul" failures="0" tests="0" time="0.013" errors="0" timestamp="2023-03-16T18:57:37 IST">
  <testcase classname="com.ice_hrm_automation.login.sample3" name="test3" time="0.0">
    <ignored/>
  </testcase> <!-- test3 -->
  <testcase classname="com.ice_hrm_automation.login.Sample5" name="test5" time="0.0">
    <ignored/>
  </testcase> <!-- test5 -->
  <testcase classname="com.ice_hrm_automation.login.Sample1" name="sample1Test3" time="0.0">
    <ignored/>
  </testcase> <!-- sample1Test3 -->
  <testcase classname="com.ice_hrm_automation.login.Sample2" name="test2" time="0.0">
    <ignored/>
  </testcase> <!-- test2 -->
  <testcase classname="com.ice_hrm_automation.login.Sample1" name="sample1Test2" time="0.0">
    <ignored/>
  </testcase> <!-- sample1Test2 -->
  <testcase classname="com.ice_hrm_automation.login.Sample4" name="test4" time="0.0">
    <ignored/>
  </testcase> <!-- test4 -->
  <testcase classname="com.ice_hrm_automation.login.Sample1" name="sample1Test1" time="0.0">
    <ignored/>
  </testcase> <!-- sample1Test1 -->
  <testcase classname="com.ice_hrm_automation.login.LoginTest" name="sample1Test3" time="0.0">
    <ignored/>
  </testcase> <!-- sample1Test3 -->
  <testcase classname="com.ice_hrm_automation.login.LoginTest" name="sample1Test2" time="0.0">
    <ignored/>
  </testcase> <!-- sample1Test2 -->
  <testcase classname="com.ice_hrm_automation.login.LoginTest" name="sample1Test1" time="0.0">
    <ignored/>
  </testcase> <!-- sample1Test1 -->
  <testcase classname="com.ice_hrm_automation.login.Sample1" name="sample1Test5" time="0.0">
    <ignored/>
  </testcase> <!-- sample1Test5 -->
  <testcase classname="com.ice_hrm_automation.login.Sample1" name="sample1Test4" time="0.0">
    <ignored/>
  </testcase> <!-- sample1Test4 -->
</testsuite>
