<?xml version="1.0" encoding="UTF-8"?>
<!-- Generated by org.testng.reporters.JUnitXMLReporter -->
<testsuite ignored="0" hostname="Rahul" failures="0" tests="6" name="Test" time="14.98" errors="0" timestamp="2023-03-16T17:53:59 IST">
  <testcase classname="com.ice_hrm_automation.login.Sample5" name="test5" time="0.007"/>
  <testcase classname="com.ice_hrm_automation.login.Sample4" name="test4" time="0.002"/>
  <testcase classname="com.ice_hrm_automation.login.Sample2" name="test2" time="0.001"/>
  <testcase classname="com.ice_hrm_automation.login.Sample1" name="beforeMethod" time="3.821"/>
  <testcase classname="com.ice_hrm_automation.login.Sample1" name="test1" time="1.939"/>
  <testcase classname="com.ice_hrm_automation.login.sample3" name="test3" time="0.0"/>
</testsuite> <!-- Test -->
