<?xml version="1.0" encoding="UTF-8"?>
<testng-results ignored="0" total="3" passed="3" failed="0" skipped="0">
  <reporter-output>
  </reporter-output>
  <suite started-at="2023-05-11T22:29:34 IST" name="Default suite" finished-at="2023-05-11T22:29:34 IST" duration-ms="66">
    <groups>
    </groups>
    <test started-at="2023-05-11T22:29:34 IST" name="Default test" finished-at="2023-05-11T22:29:34 IST" duration-ms="66">
      <class name="com.ice_hrm_automation.login.LoginTest">
        <test-method is-config="true" signature="beforeSuite()[pri:0, instance:com.ice_hrm_automation.login.LoginTest@408d971b]" started-at="2023-05-11T22:29:34 IST" name="beforeSuite" finished-at="2023-05-11T22:29:34 IST" duration-ms="10" status="PASS">
          <reporter-output>
          </reporter-output>
        </test-method> <!-- beforeSuite -->
        <test-method is-config="true" signature="beforeTest()[pri:0, instance:com.ice_hrm_automation.login.LoginTest@408d971b]" started-at="2023-05-11T22:29:34 IST" name="beforeTest" finished-at="2023-05-11T22:29:34 IST" duration-ms="0" status="PASS">
          <reporter-output>
          </reporter-output>
        </test-method> <!-- beforeTest -->
        <test-method is-config="true" signature="beforeClass()[pri:0, instance:com.ice_hrm_automation.login.LoginTest@408d971b]" started-at="2023-05-11T22:29:34 IST" name="beforeClass" finished-at="2023-05-11T22:29:34 IST" duration-ms="0" status="PASS">
          <reporter-output>
          </reporter-output>
        </test-method> <!-- beforeClass -->
        <test-method is-config="true" signature="beforeMethod()[pri:0, instance:com.ice_hrm_automation.login.LoginTest@408d971b]" started-at="2023-05-11T22:29:34 IST" name="beforeMethod" finished-at="2023-05-11T22:29:34 IST" duration-ms="0" status="PASS">
          <reporter-output>
          </reporter-output>
        </test-method> <!-- beforeMethod -->
        <test-method signature="sample1Test1()[pri:0, instance:com.ice_hrm_automation.login.LoginTest@408d971b]" started-at="2023-05-11T22:29:34 IST" name="sample1Test1" finished-at="2023-05-11T22:29:34 IST" duration-ms="8" status="PASS">
          <reporter-output>
          </reporter-output>
        </test-method> <!-- sample1Test1 -->
        <test-method is-config="true" signature="afterMethod()[pri:0, instance:com.ice_hrm_automation.login.LoginTest@408d971b]" started-at="2023-05-11T22:29:34 IST" name="afterMethod" finished-at="2023-05-11T22:29:34 IST" duration-ms="0" status="PASS">
          <reporter-output>
          </reporter-output>
        </test-method> <!-- afterMethod -->
        <test-method is-config="true" signature="beforeMethod()[pri:0, instance:com.ice_hrm_automation.login.LoginTest@408d971b]" started-at="2023-05-11T22:29:34 IST" name="beforeMethod" finished-at="2023-05-11T22:29:34 IST" duration-ms="0" status="PASS">
          <reporter-output>
          </reporter-output>
        </test-method> <!-- beforeMethod -->
        <test-method signature="sample1Test2()[pri:0, instance:com.ice_hrm_automation.login.LoginTest@408d971b]" started-at="2023-05-11T22:29:34 IST" name="sample1Test2" finished-at="2023-05-11T22:29:34 IST" duration-ms="1" status="PASS">
          <reporter-output>
          </reporter-output>
        </test-method> <!-- sample1Test2 -->
        <test-method is-config="true" signature="afterMethod()[pri:0, instance:com.ice_hrm_automation.login.LoginTest@408d971b]" started-at="2023-05-11T22:29:34 IST" name="afterMethod" finished-at="2023-05-11T22:29:34 IST" duration-ms="1" status="PASS">
          <reporter-output>
          </reporter-output>
        </test-method> <!-- afterMethod -->
        <test-method signature="sample1Test3()[pri:0, instance:com.ice_hrm_automation.login.LoginTest@408d971b]" started-at="2023-05-11T22:29:34 IST" name="sample1Test3" finished-at="2023-05-11T22:29:34 IST" duration-ms="3" status="PASS">
          <reporter-output>
          </reporter-output>
        </test-method> <!-- sample1Test3 -->
        <test-method is-config="true" signature="beforeMethod()[pri:0, instance:com.ice_hrm_automation.login.LoginTest@408d971b]" started-at="2023-05-11T22:29:34 IST" name="beforeMethod" finished-at="2023-05-11T22:29:34 IST" duration-ms="0" status="PASS">
          <reporter-output>
          </reporter-output>
        </test-method> <!-- beforeMethod -->
        <test-method is-config="true" signature="afterMethod()[pri:0, instance:com.ice_hrm_automation.login.LoginTest@408d971b]" started-at="2023-05-11T22:29:34 IST" name="afterMethod" finished-at="2023-05-11T22:29:34 IST" duration-ms="3" status="PASS">
          <reporter-output>
          </reporter-output>
        </test-method> <!-- afterMethod -->
        <test-method is-config="true" signature="afterClass()[pri:0, instance:com.ice_hrm_automation.login.LoginTest@408d971b]" started-at="2023-05-11T22:29:34 IST" name="afterClass" finished-at="2023-05-11T22:29:34 IST" duration-ms="1" status="PASS">
          <reporter-output>
          </reporter-output>
        </test-method> <!-- afterClass -->
        <test-method is-config="true" signature="afterTest()[pri:0, instance:com.ice_hrm_automation.login.LoginTest@408d971b]" started-at="2023-05-11T22:29:34 IST" name="afterTest" finished-at="2023-05-11T22:29:34 IST" duration-ms="0" status="PASS">
          <reporter-output>
          </reporter-output>
        </test-method> <!-- afterTest -->
        <test-method is-config="true" signature="afterSuite()[pri:0, instance:com.ice_hrm_automation.login.LoginTest@408d971b]" started-at="2023-05-11T22:29:34 IST" name="afterSuite" finished-at="2023-05-11T22:29:34 IST" duration-ms="0" status="PASS">
          <reporter-output>
          </reporter-output>
        </test-method> <!-- afterSuite -->
      </class> <!-- com.ice_hrm_automation.login.LoginTest -->
    </test> <!-- Default test -->
  </suite> <!-- Default suite -->
</testng-results>
